<?xml version="1.0" encoding="UTF-8"?>
<testsuite xmlns:xsi="http://www.w3.org/2001/XMLSchema-instance" xsi:noNamespaceSchemaLocation="https://maven.apache.org/surefire/maven-surefire-plugin/xsd/surefire-test-report.xsd" name="com.quest.vms.VmsQuestApplicationTests" time="21.488" tests="1" errors="0" skipped="0" failures="0">
  <properties>
    <property name="sun.desktop" value="windows"/>
    <property name="awt.toolkit" value="sun.awt.windows.WToolkit"/>
    <property name="file.encoding.pkg" value="sun.io"/>
    <property name="java.specification.version" value="1.8"/>
    <property name="sun.cpu.isalist" value="amd64"/>
    <property name="sun.jnu.encoding" value="Cp1252"/>
    <property name="java.class.path" value="D:\VMS\target\test-classes;D:\VMS\target\classes;C:\Users\ketan\.m2\repository\org\springframework\boot\spring-boot-starter-data-jpa\2.3.2.RELEASE\spring-boot-starter-data-jpa-2.3.2.RELEASE.jar;C:\Users\ketan\.m2\repository\org\springframework\boot\spring-boot-starter-aop\2.3.2.RELEASE\spring-boot-starter-aop-2.3.2.RELEASE.jar;C:\Users\ketan\.m2\repository\org\springframework\spring-aop\5.2.8.RELEASE\spring-aop-5.2.8.RELEASE.jar;C:\Users\ketan\.m2\repository\org\aspectj\aspectjweaver\1.9.6\aspectjweaver-1.9.6.jar;C:\Users\ketan\.m2\repository\org\springframework\boot\spring-boot-starter-jdbc\2.3.2.RELEASE\spring-boot-starter-jdbc-2.3.2.RELEASE.jar;C:\Users\ketan\.m2\repository\com\zaxxer\HikariCP\3.4.5\HikariCP-3.4.5.jar;C:\Users\ketan\.m2\repository\org\springframework\spring-jdbc\5.2.8.RELEASE\spring-jdbc-5.2.8.RELEASE.jar;C:\Users\ketan\.m2\repository\jakarta\transaction\jakarta.transaction-api\1.3.3\jakarta.transaction-api-1.3.3.jar;C:\Users\ketan\.m2\repository\jakarta\persistence\jakarta.persistence-api\2.2.3\jakarta.persistence-api-2.2.3.jar;C:\Users\ketan\.m2\repository\org\hibernate\hibernate-core\5.4.18.Final\hibernate-core-5.4.18.Final.jar;C:\Users\ketan\.m2\repository\org\jboss\logging\jboss-logging\3.4.1.Final\jboss-logging-3.4.1.Final.jar;C:\Users\ketan\.m2\repository\org\javassist\javassist\3.24.0-GA\javassist-3.24.0-GA.jar;C:\Users\ketan\.m2\repository\net\bytebuddy\byte-buddy\1.10.13\byte-buddy-1.10.13.jar;C:\Users\ketan\.m2\repository\antlr\antlr\2.7.7\antlr-2.7.7.jar;C:\Users\ketan\.m2\repository\org\jboss\jandex\2.1.3.Final\jandex-2.1.3.Final.jar;C:\Users\ketan\.m2\repository\org\dom4j\dom4j\2.1.3\dom4j-2.1.3.jar;C:\Users\ketan\.m2\repository\org\hibernate\common\hibernate-commons-annotations\5.1.0.Final\hibernate-commons-annotations-5.1.0.Final.jar;C:\Users\ketan\.m2\repository\org\glassfish\jaxb\jaxb-runtime\2.3.3\jaxb-runtime-2.3.3.jar;C:\Users\ketan\.m2\repository\org\glassfish\jaxb\txw2\2.3.3\txw2-2.3.3.jar;C:\Users\ketan\.m2\repository\com\sun\istack\istack-commons-runtime\3.0.11\istack-commons-runtime-3.0.11.jar;C:\Users\ketan\.m2\repository\org\springframework\data\spring-data-jpa\2.3.2.RELEASE\spring-data-jpa-2.3.2.RELEASE.jar;C:\Users\ketan\.m2\repository\org\springframework\data\spring-data-commons\2.3.2.RELEASE\spring-data-commons-2.3.2.RELEASE.jar;C:\Users\ketan\.m2\repository\org\springframework\spring-orm\5.2.8.RELEASE\spring-orm-5.2.8.RELEASE.jar;C:\Users\ketan\.m2\repository\org\springframework\spring-context\5.2.8.RELEASE\spring-context-5.2.8.RELEASE.jar;C:\Users\ketan\.m2\repository\org\springframework\spring-tx\5.2.8.RELEASE\spring-tx-5.2.8.RELEASE.jar;C:\Users\ketan\.m2\repository\org\springframework\spring-beans\5.2.8.RELEASE\spring-beans-5.2.8.RELEASE.jar;C:\Users\ketan\.m2\repository\org\springframework\spring-aspects\5.2.8.RELEASE\spring-aspects-5.2.8.RELEASE.jar;C:\Users\ketan\.m2\repository\org\springframework\boot\spring-boot-starter-web\2.3.2.RELEASE\spring-boot-starter-web-2.3.2.RELEASE.jar;C:\Users\ketan\.m2\repository\org\springframework\boot\spring-boot-starter\2.3.2.RELEASE\spring-boot-starter-2.3.2.RELEASE.jar;C:\Users\ketan\.m2\repository\org\springframework\boot\spring-boot\2.3.2.RELEASE\spring-boot-2.3.2.RELEASE.jar;C:\Users\ketan\.m2\repository\org\springframework\boot\spring-boot-autoconfigure\2.3.2.RELEASE\spring-boot-autoconfigure-2.3.2.RELEASE.jar;C:\Users\ketan\.m2\repository\org\springframework\boot\spring-boot-starter-logging\2.3.2.RELEASE\spring-boot-starter-logging-2.3.2.RELEASE.jar;C:\Users\ketan\.m2\repository\ch\qos\logback\logback-classic\1.2.3\logback-classic-1.2.3.jar;C:\Users\ketan\.m2\repository\ch\qos\logback\logback-core\1.2.3\logback-core-1.2.3.jar;C:\Users\ketan\.m2\repository\org\apache\logging\log4j\log4j-to-slf4j\2.13.3\log4j-to-slf4j-2.13.3.jar;C:\Users\ketan\.m2\repository\org\apache\logging\log4j\log4j-api\2.13.3\log4j-api-2.13.3.jar;C:\Users\ketan\.m2\repository\org\slf4j\jul-to-slf4j\1.7.30\jul-to-slf4j-1.7.30.jar;C:\Users\ketan\.m2\repository\jakarta\annotation\jakarta.annotation-api\1.3.5\jakarta.annotation-api-1.3.5.jar;C:\Users\ketan\.m2\repository\org\yaml\snakeyaml\1.26\snakeyaml-1.26.jar;C:\Users\ketan\.m2\repository\org\springframework\boot\spring-boot-starter-json\2.3.2.RELEASE\spring-boot-starter-json-2.3.2.RELEASE.jar;C:\Users\ketan\.m2\repository\com\fasterxml\jackson\core\jackson-databind\2.11.1\jackson-databind-2.11.1.jar;C:\Users\ketan\.m2\repository\com\fasterxml\jackson\core\jackson-core\2.11.1\jackson-core-2.11.1.jar;C:\Users\ketan\.m2\repository\com\fasterxml\jackson\datatype\jackson-datatype-jdk8\2.11.1\jackson-datatype-jdk8-2.11.1.jar;C:\Users\ketan\.m2\repository\com\fasterxml\jackson\datatype\jackson-datatype-jsr310\2.11.1\jackson-datatype-jsr310-2.11.1.jar;C:\Users\ketan\.m2\repository\com\fasterxml\jackson\module\jackson-module-parameter-names\2.11.1\jackson-module-parameter-names-2.11.1.jar;C:\Users\ketan\.m2\repository\org\springframework\boot\spring-boot-starter-tomcat\2.3.2.RELEASE\spring-boot-starter-tomcat-2.3.2.RELEASE.jar;C:\Users\ketan\.m2\repository\org\apache\tomcat\embed\tomcat-embed-core\9.0.37\tomcat-embed-core-9.0.37.jar;C:\Users\ketan\.m2\repository\org\glassfish\jakarta.el\3.0.3\jakarta.el-3.0.3.jar;C:\Users\ketan\.m2\repository\org\apache\tomcat\embed\tomcat-embed-websocket\9.0.37\tomcat-embed-websocket-9.0.37.jar;C:\Users\ketan\.m2\repository\org\springframework\spring-web\5.2.8.RELEASE\spring-web-5.2.8.RELEASE.jar;C:\Users\ketan\.m2\repository\org\springframework\spring-webmvc\5.2.8.RELEASE\spring-webmvc-5.2.8.RELEASE.jar;C:\Users\ketan\.m2\repository\org\springframework\spring-expression\5.2.8.RELEASE\spring-expression-5.2.8.RELEASE.jar;C:\Users\ketan\.m2\repository\org\springframework\boot\spring-boot-starter-web-services\2.3.2.RELEASE\spring-boot-starter-web-services-2.3.2.RELEASE.jar;C:\Users\ketan\.m2\repository\com\sun\xml\messaging\saaj\saaj-impl\1.5.2\saaj-impl-1.5.2.jar;C:\Users\ketan\.m2\repository\jakarta\xml\soap\jakarta.xml.soap-api\1.4.2\jakarta.xml.soap-api-1.4.2.jar;C:\Users\ketan\.m2\repository\org\jvnet\staxex\stax-ex\1.8.3\stax-ex-1.8.3.jar;C:\Users\ketan\.m2\repository\com\sun\activation\jakarta.activation\1.2.2\jakarta.activation-1.2.2.jar;C:\Users\ketan\.m2\repository\jakarta\xml\ws\jakarta.xml.ws-api\2.3.3\jakarta.xml.ws-api-2.3.3.jar;C:\Users\ketan\.m2\repository\jakarta\jws\jakarta.jws-api\2.1.0\jakarta.jws-api-2.1.0.jar;C:\Users\ketan\.m2\repository\org\springframework\spring-oxm\5.2.8.RELEASE\spring-oxm-5.2.8.RELEASE.jar;C:\Users\ketan\.m2\repository\org\springframework\ws\spring-ws-core\3.0.9.RELEASE\spring-ws-core-3.0.9.RELEASE.jar;C:\Users\ketan\.m2\repository\org\springframework\ws\spring-xml\3.0.9.RELEASE\spring-xml-3.0.9.RELEASE.jar;C:\Users\ketan\.m2\repository\io\springfox\springfox-swagger2\2.6.1\springfox-swagger2-2.6.1.jar;C:\Users\ketan\.m2\repository\io\swagger\swagger-annotations\1.5.10\swagger-annotations-1.5.10.jar;C:\Users\ketan\.m2\repository\io\swagger\swagger-models\1.5.10\swagger-models-1.5.10.jar;C:\Users\ketan\.m2\repository\com\fasterxml\jackson\core\jackson-annotations\2.11.1\jackson-annotations-2.11.1.jar;C:\Users\ketan\.m2\repository\io\springfox\springfox-spi\2.6.1\springfox-spi-2.6.1.jar;C:\Users\ketan\.m2\repository\io\springfox\springfox-core\2.6.1\springfox-core-2.6.1.jar;C:\Users\ketan\.m2\repository\io\springfox\springfox-schema\2.6.1\springfox-schema-2.6.1.jar;C:\Users\ketan\.m2\repository\io\springfox\springfox-swagger-common\2.6.1\springfox-swagger-common-2.6.1.jar;C:\Users\ketan\.m2\repository\io\springfox\springfox-spring-web\2.6.1\springfox-spring-web-2.6.1.jar;C:\Users\ketan\.m2\repository\com\google\guava\guava\18.0\guava-18.0.jar;C:\Users\ketan\.m2\repository\com\fasterxml\classmate\1.5.1\classmate-1.5.1.jar;C:\Users\ketan\.m2\repository\org\slf4j\slf4j-api\1.7.30\slf4j-api-1.7.30.jar;C:\Users\ketan\.m2\repository\org\springframework\plugin\spring-plugin-core\1.2.0.RELEASE\spring-plugin-core-1.2.0.RELEASE.jar;C:\Users\ketan\.m2\repository\org\springframework\plugin\spring-plugin-metadata\1.2.0.RELEASE\spring-plugin-metadata-1.2.0.RELEASE.jar;C:\Users\ketan\.m2\repository\org\mapstruct\mapstruct\1.0.0.Final\mapstruct-1.0.0.Final.jar;C:\Users\ketan\.m2\repository\io\springfox\springfox-swagger-ui\2.6.1\springfox-swagger-ui-2.6.1.jar;C:\Users\ketan\.m2\repository\org\modelmapper\modelmapper\2.3.0\modelmapper-2.3.0.jar;C:\Users\ketan\.m2\repository\com\h2database\h2\1.4.200\h2-1.4.200.jar;C:\Users\ketan\.m2\repository\mysql\mysql-connector-java\8.0.21\mysql-connector-java-8.0.21.jar;C:\Users\ketan\.m2\repository\org\projectlombok\lombok\1.18.12\lombok-1.18.12.jar;C:\Users\ketan\.m2\repository\junit\junit-dep\4.8.2\junit-dep-4.8.2.jar;C:\Users\ketan\.m2\repository\org\hamcrest\hamcrest-core\2.2\hamcrest-core-2.2.jar;C:\Users\ketan\.m2\repository\javax\validation\validation-api\2.0.1.Final\validation-api-2.0.1.Final.jar;C:\Users\ketan\.m2\repository\org\springframework\boot\spring-boot-starter-test\2.3.2.RELEASE\spring-boot-starter-test-2.3.2.RELEASE.jar;C:\Users\ketan\.m2\repository\org\springframework\boot\spring-boot-test\2.3.2.RELEASE\spring-boot-test-2.3.2.RELEASE.jar;C:\Users\ketan\.m2\repository\org\springframework\boot\spring-boot-test-autoconfigure\2.3.2.RELEASE\spring-boot-test-autoconfigure-2.3.2.RELEASE.jar;C:\Users\ketan\.m2\repository\com\jayway\jsonpath\json-path\2.4.0\json-path-2.4.0.jar;C:\Users\ketan\.m2\repository\net\minidev\json-smart\2.3\json-smart-2.3.jar;C:\Users\ketan\.m2\repository\net\minidev\accessors-smart\1.2\accessors-smart-1.2.jar;C:\Users\ketan\.m2\repository\org\ow2\asm\asm\5.0.4\asm-5.0.4.jar;C:\Users\ketan\.m2\repository\jakarta\xml\bind\jakarta.xml.bind-api\2.3.3\jakarta.xml.bind-api-2.3.3.jar;C:\Users\ketan\.m2\repository\jakarta\activation\jakarta.activation-api\1.2.2\jakarta.activation-api-1.2.2.jar;C:\Users\ketan\.m2\repository\org\assertj\assertj-core\3.16.1\assertj-core-3.16.1.jar;C:\Users\ketan\.m2\repository\org\hamcrest\hamcrest\2.2\hamcrest-2.2.jar;C:\Users\ketan\.m2\repository\org\junit\jupiter\junit-jupiter\5.6.2\junit-jupiter-5.6.2.jar;C:\Users\ketan\.m2\repository\org\junit\jupiter\junit-jupiter-api\5.6.2\junit-jupiter-api-5.6.2.jar;C:\Users\ketan\.m2\repository\org\apiguardian\apiguardian-api\1.1.0\apiguardian-api-1.1.0.jar;C:\Users\ketan\.m2\repository\org\opentest4j\opentest4j\1.2.0\opentest4j-1.2.0.jar;C:\Users\ketan\.m2\repository\org\junit\platform\junit-platform-commons\1.6.2\junit-platform-commons-1.6.2.jar;C:\Users\ketan\.m2\repository\org\junit\jupiter\junit-jupiter-params\5.6.2\junit-jupiter-params-5.6.2.jar;C:\Users\ketan\.m2\repository\org\junit\jupiter\junit-jupiter-engine\5.6.2\junit-jupiter-engine-5.6.2.jar;C:\Users\ketan\.m2\repository\org\junit\platform\junit-platform-engine\1.6.2\junit-platform-engine-1.6.2.jar;C:\Users\ketan\.m2\repository\org\mockito\mockito-core\3.3.3\mockito-core-3.3.3.jar;C:\Users\ketan\.m2\repository\net\bytebuddy\byte-buddy-agent\1.10.13\byte-buddy-agent-1.10.13.jar;C:\Users\ketan\.m2\repository\org\objenesis\objenesis\2.6\objenesis-2.6.jar;C:\Users\ketan\.m2\repository\org\mockito\mockito-junit-jupiter\3.3.3\mockito-junit-jupiter-3.3.3.jar;C:\Users\ketan\.m2\repository\org\skyscreamer\jsonassert\1.5.0\jsonassert-1.5.0.jar;C:\Users\ketan\.m2\repository\com\vaadin\external\google\android-json\0.0.20131108.vaadin1\android-json-0.0.20131108.vaadin1.jar;C:\Users\ketan\.m2\repository\org\springframework\spring-core\5.2.8.RELEASE\spring-core-5.2.8.RELEASE.jar;C:\Users\ketan\.m2\repository\org\springframework\spring-jcl\5.2.8.RELEASE\spring-jcl-5.2.8.RELEASE.jar;C:\Users\ketan\.m2\repository\org\springframework\spring-test\5.2.8.RELEASE\spring-test-5.2.8.RELEASE.jar;C:\Users\ketan\.m2\repository\org\xmlunit\xmlunit-core\2.7.0\xmlunit-core-2.7.0.jar;"/>
    <property name="java.vm.vendor" value="Oracle Corporation"/>
    <property name="sun.arch.data.model" value="64"/>
    <property name="user.variant" value=""/>
    <property name="java.vendor.url" value="http://java.oracle.com/"/>
    <property name="user.timezone" value="Asia/Calcutta"/>
    <property name="java.vm.specification.version" value="1.8"/>
    <property name="os.name" value="Windows 10"/>
    <property name="user.country" value="IN"/>
    <property name="sun.java.launcher" value="SUN_STANDARD"/>
    <property name="sun.boot.library.path" value="C:\Program Files\Java\jdk1.8.0_261\jre\bin"/>
    <property name="sun.java.command" value="C:\Users\ketan\AppData\Local\Temp\surefire277670648354006973\surefirebooter6216164973662143949.jar C:\Users\ketan\AppData\Local\Temp\surefire277670648354006973 2020-08-11T10-33-54_100-jvmRun1 surefire900629339763485475tmp surefire_04496717717431233239tmp"/>
    <property name="surefire.test.class.path" value="D:\VMS\target\test-classes;D:\VMS\target\classes;C:\Users\ketan\.m2\repository\org\springframework\boot\spring-boot-starter-data-jpa\2.3.2.RELEASE\spring-boot-starter-data-jpa-2.3.2.RELEASE.jar;C:\Users\ketan\.m2\repository\org\springframework\boot\spring-boot-starter-aop\2.3.2.RELEASE\spring-boot-starter-aop-2.3.2.RELEASE.jar;C:\Users\ketan\.m2\repository\org\springframework\spring-aop\5.2.8.RELEASE\spring-aop-5.2.8.RELEASE.jar;C:\Users\ketan\.m2\repository\org\aspectj\aspectjweaver\1.9.6\aspectjweaver-1.9.6.jar;C:\Users\ketan\.m2\repository\org\springframework\boot\spring-boot-starter-jdbc\2.3.2.RELEASE\spring-boot-starter-jdbc-2.3.2.RELEASE.jar;C:\Users\ketan\.m2\repository\com\zaxxer\HikariCP\3.4.5\HikariCP-3.4.5.jar;C:\Users\ketan\.m2\repository\org\springframework\spring-jdbc\5.2.8.RELEASE\spring-jdbc-5.2.8.RELEASE.jar;C:\Users\ketan\.m2\repository\jakarta\transaction\jakarta.transaction-api\1.3.3\jakarta.transaction-api-1.3.3.jar;C:\Users\ketan\.m2\repository\jakarta\persistence\jakarta.persistence-api\2.2.3\jakarta.persistence-api-2.2.3.jar;C:\Users\ketan\.m2\repository\org\hibernate\hibernate-core\5.4.18.Final\hibernate-core-5.4.18.Final.jar;C:\Users\ketan\.m2\repository\org\jboss\logging\jboss-logging\3.4.1.Final\jboss-logging-3.4.1.Final.jar;C:\Users\ketan\.m2\repository\org\javassist\javassist\3.24.0-GA\javassist-3.24.0-GA.jar;C:\Users\ketan\.m2\repository\net\bytebuddy\byte-buddy\1.10.13\byte-buddy-1.10.13.jar;C:\Users\ketan\.m2\repository\antlr\antlr\2.7.7\antlr-2.7.7.jar;C:\Users\ketan\.m2\repository\org\jboss\jandex\2.1.3.Final\jandex-2.1.3.Final.jar;C:\Users\ketan\.m2\repository\org\dom4j\dom4j\2.1.3\dom4j-2.1.3.jar;C:\Users\ketan\.m2\repository\org\hibernate\common\hibernate-commons-annotations\5.1.0.Final\hibernate-commons-annotations-5.1.0.Final.jar;C:\Users\ketan\.m2\repository\org\glassfish\jaxb\jaxb-runtime\2.3.3\jaxb-runtime-2.3.3.jar;C:\Users\ketan\.m2\repository\org\glassfish\jaxb\txw2\2.3.3\txw2-2.3.3.jar;C:\Users\ketan\.m2\repository\com\sun\istack\istack-commons-runtime\3.0.11\istack-commons-runtime-3.0.11.jar;C:\Users\ketan\.m2\repository\org\springframework\data\spring-data-jpa\2.3.2.RELEASE\spring-data-jpa-2.3.2.RELEASE.jar;C:\Users\ketan\.m2\repository\org\springframework\data\spring-data-commons\2.3.2.RELEASE\spring-data-commons-2.3.2.RELEASE.jar;C:\Users\ketan\.m2\repository\org\springframework\spring-orm\5.2.8.RELEASE\spring-orm-5.2.8.RELEASE.jar;C:\Users\ketan\.m2\repository\org\springframework\spring-context\5.2.8.RELEASE\spring-context-5.2.8.RELEASE.jar;C:\Users\ketan\.m2\repository\org\springframework\spring-tx\5.2.8.RELEASE\spring-tx-5.2.8.RELEASE.jar;C:\Users\ketan\.m2\repository\org\springframework\spring-beans\5.2.8.RELEASE\spring-beans-5.2.8.RELEASE.jar;C:\Users\ketan\.m2\repository\org\springframework\spring-aspects\5.2.8.RELEASE\spring-aspects-5.2.8.RELEASE.jar;C:\Users\ketan\.m2\repository\org\springframework\boot\spring-boot-starter-web\2.3.2.RELEASE\spring-boot-starter-web-2.3.2.RELEASE.jar;C:\Users\ketan\.m2\repository\org\springframework\boot\spring-boot-starter\2.3.2.RELEASE\spring-boot-starter-2.3.2.RELEASE.jar;C:\Users\ketan\.m2\repository\org\springframework\boot\spring-boot\2.3.2.RELEASE\spring-boot-2.3.2.RELEASE.jar;C:\Users\ketan\.m2\repository\org\springframework\boot\spring-boot-autoconfigure\2.3.2.RELEASE\spring-boot-autoconfigure-2.3.2.RELEASE.jar;C:\Users\ketan\.m2\repository\org\springframework\boot\spring-boot-starter-logging\2.3.2.RELEASE\spring-boot-starter-logging-2.3.2.RELEASE.jar;C:\Users\ketan\.m2\repository\ch\qos\logback\logback-classic\1.2.3\logback-classic-1.2.3.jar;C:\Users\ketan\.m2\repository\ch\qos\logback\logback-core\1.2.3\logback-core-1.2.3.jar;C:\Users\ketan\.m2\repository\org\apache\logging\log4j\log4j-to-slf4j\2.13.3\log4j-to-slf4j-2.13.3.jar;C:\Users\ketan\.m2\repository\org\apache\logging\log4j\log4j-api\2.13.3\log4j-api-2.13.3.jar;C:\Users\ketan\.m2\repository\org\slf4j\jul-to-slf4j\1.7.30\jul-to-slf4j-1.7.30.jar;C:\Users\ketan\.m2\repository\jakarta\annotation\jakarta.annotation-api\1.3.5\jakarta.annotation-api-1.3.5.jar;C:\Users\ketan\.m2\repository\org\yaml\snakeyaml\1.26\snakeyaml-1.26.jar;C:\Users\ketan\.m2\repository\org\springframework\boot\spring-boot-starter-json\2.3.2.RELEASE\spring-boot-starter-json-2.3.2.RELEASE.jar;C:\Users\ketan\.m2\repository\com\fasterxml\jackson\core\jackson-databind\2.11.1\jackson-databind-2.11.1.jar;C:\Users\ketan\.m2\repository\com\fasterxml\jackson\core\jackson-core\2.11.1\jackson-core-2.11.1.jar;C:\Users\ketan\.m2\repository\com\fasterxml\jackson\datatype\jackson-datatype-jdk8\2.11.1\jackson-datatype-jdk8-2.11.1.jar;C:\Users\ketan\.m2\repository\com\fasterxml\jackson\datatype\jackson-datatype-jsr310\2.11.1\jackson-datatype-jsr310-2.11.1.jar;C:\Users\ketan\.m2\repository\com\fasterxml\jackson\module\jackson-module-parameter-names\2.11.1\jackson-module-parameter-names-2.11.1.jar;C:\Users\ketan\.m2\repository\org\springframework\boot\spring-boot-starter-tomcat\2.3.2.RELEASE\spring-boot-starter-tomcat-2.3.2.RELEASE.jar;C:\Users\ketan\.m2\repository\org\apache\tomcat\embed\tomcat-embed-core\9.0.37\tomcat-embed-core-9.0.37.jar;C:\Users\ketan\.m2\repository\org\glassfish\jakarta.el\3.0.3\jakarta.el-3.0.3.jar;C:\Users\ketan\.m2\repository\org\apache\tomcat\embed\tomcat-embed-websocket\9.0.37\tomcat-embed-websocket-9.0.37.jar;C:\Users\ketan\.m2\repository\org\springframework\spring-web\5.2.8.RELEASE\spring-web-5.2.8.RELEASE.jar;C:\Users\ketan\.m2\repository\org\springframework\spring-webmvc\5.2.8.RELEASE\spring-webmvc-5.2.8.RELEASE.jar;C:\Users\ketan\.m2\repository\org\springframework\spring-expression\5.2.8.RELEASE\spring-expression-5.2.8.RELEASE.jar;C:\Users\ketan\.m2\repository\org\springframework\boot\spring-boot-starter-web-services\2.3.2.RELEASE\spring-boot-starter-web-services-2.3.2.RELEASE.jar;C:\Users\ketan\.m2\repository\com\sun\xml\messaging\saaj\saaj-impl\1.5.2\saaj-impl-1.5.2.jar;C:\Users\ketan\.m2\repository\jakarta\xml\soap\jakarta.xml.soap-api\1.4.2\jakarta.xml.soap-api-1.4.2.jar;C:\Users\ketan\.m2\repository\org\jvnet\staxex\stax-ex\1.8.3\stax-ex-1.8.3.jar;C:\Users\ketan\.m2\repository\com\sun\activation\jakarta.activation\1.2.2\jakarta.activation-1.2.2.jar;C:\Users\ketan\.m2\repository\jakarta\xml\ws\jakarta.xml.ws-api\2.3.3\jakarta.xml.ws-api-2.3.3.jar;C:\Users\ketan\.m2\repository\jakarta\jws\jakarta.jws-api\2.1.0\jakarta.jws-api-2.1.0.jar;C:\Users\ketan\.m2\repository\org\springframework\spring-oxm\5.2.8.RELEASE\spring-oxm-5.2.8.RELEASE.jar;C:\Users\ketan\.m2\repository\org\springframework\ws\spring-ws-core\3.0.9.RELEASE\spring-ws-core-3.0.9.RELEASE.jar;C:\Users\ketan\.m2\repository\org\springframework\ws\spring-xml\3.0.9.RELEASE\spring-xml-3.0.9.RELEASE.jar;C:\Users\ketan\.m2\repository\io\springfox\springfox-swagger2\2.6.1\springfox-swagger2-2.6.1.jar;C:\Users\ketan\.m2\repository\io\swagger\swagger-annotations\1.5.10\swagger-annotations-1.5.10.jar;C:\Users\ketan\.m2\repository\io\swagger\swagger-models\1.5.10\swagger-models-1.5.10.jar;C:\Users\ketan\.m2\repository\com\fasterxml\jackson\core\jackson-annotations\2.11.1\jackson-annotations-2.11.1.jar;C:\Users\ketan\.m2\repository\io\springfox\springfox-spi\2.6.1\springfox-spi-2.6.1.jar;C:\Users\ketan\.m2\repository\io\springfox\springfox-core\2.6.1\springfox-core-2.6.1.jar;C:\Users\ketan\.m2\repository\io\springfox\springfox-schema\2.6.1\springfox-schema-2.6.1.jar;C:\Users\ketan\.m2\repository\io\springfox\springfox-swagger-common\2.6.1\springfox-swagger-common-2.6.1.jar;C:\Users\ketan\.m2\repository\io\springfox\springfox-spring-web\2.6.1\springfox-spring-web-2.6.1.jar;C:\Users\ketan\.m2\repository\com\google\guava\guava\18.0\guava-18.0.jar;C:\Users\ketan\.m2\repository\com\fasterxml\classmate\1.5.1\classmate-1.5.1.jar;C:\Users\ketan\.m2\repository\org\slf4j\slf4j-api\1.7.30\slf4j-api-1.7.30.jar;C:\Users\ketan\.m2\repository\org\springframework\plugin\spring-plugin-core\1.2.0.RELEASE\spring-plugin-core-1.2.0.RELEASE.jar;C:\Users\ketan\.m2\repository\org\springframework\plugin\spring-plugin-metadata\1.2.0.RELEASE\spring-plugin-metadata-1.2.0.RELEASE.jar;C:\Users\ketan\.m2\repository\org\mapstruct\mapstruct\1.0.0.Final\mapstruct-1.0.0.Final.jar;C:\Users\ketan\.m2\repository\io\springfox\springfox-swagger-ui\2.6.1\springfox-swagger-ui-2.6.1.jar;C:\Users\ketan\.m2\repository\org\modelmapper\modelmapper\2.3.0\modelmapper-2.3.0.jar;C:\Users\ketan\.m2\repository\com\h2database\h2\1.4.200\h2-1.4.200.jar;C:\Users\ketan\.m2\repository\mysql\mysql-connector-java\8.0.21\mysql-connector-java-8.0.21.jar;C:\Users\ketan\.m2\repository\org\projectlombok\lombok\1.18.12\lombok-1.18.12.jar;C:\Users\ketan\.m2\repository\junit\junit-dep\4.8.2\junit-dep-4.8.2.jar;C:\Users\ketan\.m2\repository\org\hamcrest\hamcrest-core\2.2\hamcrest-core-2.2.jar;C:\Users\ketan\.m2\repository\javax\validation\validation-api\2.0.1.Final\validation-api-2.0.1.Final.jar;C:\Users\ketan\.m2\repository\org\springframework\boot\spring-boot-starter-test\2.3.2.RELEASE\spring-boot-starter-test-2.3.2.RELEASE.jar;C:\Users\ketan\.m2\repository\org\springframework\boot\spring-boot-test\2.3.2.RELEASE\spring-boot-test-2.3.2.RELEASE.jar;C:\Users\ketan\.m2\repository\org\springframework\boot\spring-boot-test-autoconfigure\2.3.2.RELEASE\spring-boot-test-autoconfigure-2.3.2.RELEASE.jar;C:\Users\ketan\.m2\repository\com\jayway\jsonpath\json-path\2.4.0\json-path-2.4.0.jar;C:\Users\ketan\.m2\repository\net\minidev\json-smart\2.3\json-smart-2.3.jar;C:\Users\ketan\.m2\repository\net\minidev\accessors-smart\1.2\accessors-smart-1.2.jar;C:\Users\ketan\.m2\repository\org\ow2\asm\asm\5.0.4\asm-5.0.4.jar;C:\Users\ketan\.m2\repository\jakarta\xml\bind\jakarta.xml.bind-api\2.3.3\jakarta.xml.bind-api-2.3.3.jar;C:\Users\ketan\.m2\repository\jakarta\activation\jakarta.activation-api\1.2.2\jakarta.activation-api-1.2.2.jar;C:\Users\ketan\.m2\repository\org\assertj\assertj-core\3.16.1\assertj-core-3.16.1.jar;C:\Users\ketan\.m2\repository\org\hamcrest\hamcrest\2.2\hamcrest-2.2.jar;C:\Users\ketan\.m2\repository\org\junit\jupiter\junit-jupiter\5.6.2\junit-jupiter-5.6.2.jar;C:\Users\ketan\.m2\repository\org\junit\jupiter\junit-jupiter-api\5.6.2\junit-jupiter-api-5.6.2.jar;C:\Users\ketan\.m2\repository\org\apiguardian\apiguardian-api\1.1.0\apiguardian-api-1.1.0.jar;C:\Users\ketan\.m2\repository\org\opentest4j\opentest4j\1.2.0\opentest4j-1.2.0.jar;C:\Users\ketan\.m2\repository\org\junit\platform\junit-platform-commons\1.6.2\junit-platform-commons-1.6.2.jar;C:\Users\ketan\.m2\repository\org\junit\jupiter\junit-jupiter-params\5.6.2\junit-jupiter-params-5.6.2.jar;C:\Users\ketan\.m2\repository\org\junit\jupiter\junit-jupiter-engine\5.6.2\junit-jupiter-engine-5.6.2.jar;C:\Users\ketan\.m2\repository\org\junit\platform\junit-platform-engine\1.6.2\junit-platform-engine-1.6.2.jar;C:\Users\ketan\.m2\repository\org\mockito\mockito-core\3.3.3\mockito-core-3.3.3.jar;C:\Users\ketan\.m2\repository\net\bytebuddy\byte-buddy-agent\1.10.13\byte-buddy-agent-1.10.13.jar;C:\Users\ketan\.m2\repository\org\objenesis\objenesis\2.6\objenesis-2.6.jar;C:\Users\ketan\.m2\repository\org\mockito\mockito-junit-jupiter\3.3.3\mockito-junit-jupiter-3.3.3.jar;C:\Users\ketan\.m2\repository\org\skyscreamer\jsonassert\1.5.0\jsonassert-1.5.0.jar;C:\Users\ketan\.m2\repository\com\vaadin\external\google\android-json\0.0.20131108.vaadin1\android-json-0.0.20131108.vaadin1.jar;C:\Users\ketan\.m2\repository\org\springframework\spring-core\5.2.8.RELEASE\spring-core-5.2.8.RELEASE.jar;C:\Users\ketan\.m2\repository\org\springframework\spring-jcl\5.2.8.RELEASE\spring-jcl-5.2.8.RELEASE.jar;C:\Users\ketan\.m2\repository\org\springframework\spring-test\5.2.8.RELEASE\spring-test-5.2.8.RELEASE.jar;C:\Users\ketan\.m2\repository\org\xmlunit\xmlunit-core\2.7.0\xmlunit-core-2.7.0.jar;"/>
    <property name="sun.cpu.endian" value="little"/>
    <property name="user.home" value="C:\Users\ketan"/>
    <property name="user.language" value="en"/>
    <property name="java.specification.vendor" value="Oracle Corporation"/>
    <property name="java.home" value="C:\Program Files\Java\jdk1.8.0_261\jre"/>
    <property name="basedir" value="D:\VMS"/>
    <property name="style.color" value="always"/>
    <property name="file.separator" value="\"/>
    <property name="line.separator" value="&#10;"/>
    <property name="java.vm.specification.vendor" value="Oracle Corporation"/>
    <property name="java.specification.name" value="Java Platform API Specification"/>
    <property name="java.awt.graphicsenv" value="sun.awt.Win32GraphicsEnvironment"/>
    <property name="surefire.real.class.path" value="C:\Users\ketan\AppData\Local\Temp\surefire277670648354006973\surefirebooter6216164973662143949.jar"/>
    <property name="sun.boot.class.path" value="C:\Program Files\Java\jdk1.8.0_261\jre\lib\resources.jar;C:\Program Files\Java\jdk1.8.0_261\jre\lib\rt.jar;C:\Program Files\Java\jdk1.8.0_261\jre\lib\sunrsasign.jar;C:\Program Files\Java\jdk1.8.0_261\jre\lib\jsse.jar;C:\Program Files\Java\jdk1.8.0_261\jre\lib\jce.jar;C:\Program Files\Java\jdk1.8.0_261\jre\lib\charsets.jar;C:\Program Files\Java\jdk1.8.0_261\jre\lib\jfr.jar;C:\Program Files\Java\jdk1.8.0_261\jre\classes"/>
    <property name="user.script" value=""/>
    <property name="sun.management.compiler" value="HotSpot 64-Bit Tiered Compilers"/>
    <property name="java.runtime.version" value="1.8.0_261-b12"/>
    <property name="user.name" value="ketan"/>
    <property name="path.separator" value=";"/>
    <property name="os.version" value="10.0"/>
    <property name="java.endorsed.dirs" value="C:\Program Files\Java\jdk1.8.0_261\jre\lib\endorsed"/>
    <property name="java.runtime.name" value="Java(TM) SE Runtime Environment"/>
    <property name="file.encoding" value="Cp1252"/>
    <property name="java.vm.name" value="Java HotSpot(TM) 64-Bit Server VM"/>
    <property name="localRepository" value="C:\Users\ketan\.m2\repository"/>
    <property name="java.vendor.url.bug" value="http://bugreport.sun.com/bugreport/"/>
    <property name="java.io.tmpdir" value="C:\Users\ketan\AppData\Local\Temp\"/>
    <property name="java.version" value="1.8.0_261"/>
    <property name="user.dir" value="D:\VMS"/>
    <property name="os.arch" value="amd64"/>
    <property name="java.vm.specification.name" value="Java Virtual Machine Specification"/>
    <property name="java.awt.printerjob" value="sun.awt.windows.WPrinterJob"/>
    <property name="sun.os.patch.level" value=""/>
    <property name="java.library.path" value="C:\Program Files\Java\jdk1.8.0_261\jre\bin;C:\WINDOWS\Sun\Java\bin;C:\WINDOWS\system32;C:\WINDOWS;C:/Program Files/Java/jre1.8.0_261/bin/server;C:/Program Files/Java/jre1.8.0_261/bin;C:/Program Files/Java/jre1.8.0_261/lib/amd64;C:\Program Files (x86)\Common Files\Oracle\Java\javapath;C:\Program Files\RA2HP\;C:\WINDOWS\system32;C:\WINDOWS;C:\WINDOWS\System32\Wbem;C:\WINDOWS\System32\WindowsPowerShell\v1.0\;C:\WINDOWS\System32\OpenSSH\;C:\Program Files\dotnet\;C:\Program Files\Microsoft SQL Server\130\Tools\Binn\;C:\Program Files (x86)\Microsoft SQL Server\Client SDK\ODBC\130\Tools\Binn\;C:\Program Files (x86)\Microsoft SQL Server\140\Tools\Binn\;C:\Program Files (x86)\Microsoft SQL Server\140\DTS\Binn\;C:\Program Files (x86)\Microsoft SQL Server\140\Tools\Binn\ManagementStudio\;C:\Program Files\WindowsPowerShell\Scripts\HP.ClientScriptLibrary;C:\WINDOWS\system32\config\systemprofile\.dnx\bin;C:\Program Files\Microsoft DNX\Dnvm\;C:\Program Files\Microsoft SQL Server\120\Tools\Binn\;C:\Program Files\Microsoft SQL Server\Client SDK\ODBC\170\Tools\Binn\;C:\Program Files\Java\jdk1.8.0_261\bin;C:\Program Files\apache-maven-3.6.3\bin;C:\Program Files\Java\jdk1.8.0_261;C:\Program Files\apache-maven-3.6.3-bin;;%M2_HOME%\bin;C:\Users\ketan\AppData\Local\Microsoft\WindowsApps;;C:\Users\ketan\AppData\Local\Programs\Fiddler;C:\Users\ketan\.dotnet\tools;D:\Softwares\sts-4.7.0.RELEASE;;."/>
    <property name="java.vm.info" value="mixed mode"/>
    <property name="java.vendor" value="Oracle Corporation"/>
    <property name="java.vm.version" value="25.261-b12"/>
    <property name="java.ext.dirs" value="C:\Program Files\Java\jdk1.8.0_261\jre\lib\ext;C:\WINDOWS\Sun\Java\lib\ext"/>
    <property name="sun.io.unicode.encoding" value="UnicodeLittle"/>
    <property name="java.class.version" value="52.0"/>
  </properties>
  <testcase name="contextLoads" classname="com.quest.vms.VmsQuestApplicationTests" time="0.415"/>
</testsuite>